# JRE version: OpenJDK Runtime Environment (17.0.1+12) (build 17.0.1+12-Ubuntu-121.04)
# Java VM: OpenJDK 64-Bit Server VM (17.0.1+12-Ubuntu-121.04, mixed mode, sharing, tiered, compressed oops, compressed class ptrs, g1 gc, linux-amd64)
GC Precious Log:
 CPUs: 12 total, 12 available
 Memory: 32041M
 Large Page Support: Disabled
 NUMA Support: Disabled
 Compressed Oops: Enabled (Zero based)
 Heap Region Size: 4M
 Heap Min Capacity: 8M
 Heap Initial Capacity: 504M
 Heap Max Capacity: 8012M
 Pre-touch: Disabled
 Parallel Workers: 10
 Concurrent Workers: 3
 Concurrent Refinement Workers: 10
 Periodic GC: Disabled
Heap:
 garbage-first heap   total 524288K, used 92800K [0x000000060b400000, 0x0000000800000000)
  region size 4096K, 22 young (90112K), 1 survivors (4096K)
 Metaspace       used 15892K, committed 16064K, reserved 1064960K
  class space    used 2228K, committed 2304K, reserved 1048576K
GC Heap History (6 events):
Event: 0,343 GC heap before
{Heap before GC invocations=0 (full 0):
 garbage-first heap   total 524288K, used 28640K [0x000000060b400000, 0x0000000800000000)
  region size 4096K, 6 young (24576K), 0 survivors (0K)
 Metaspace       used 4562K, committed 4672K, reserved 1056768K
  class space    used 451K, committed 512K, reserved 1048576K
}
Event: 0,345 GC heap after
{Heap after GC invocations=1 (full 0):
 garbage-first heap   total 524288K, used 8742K [0x000000060b400000, 0x0000000800000000)
  region size 4096K, 1 young (4096K), 1 survivors (4096K)
 Metaspace       used 4562K, committed 4672K, reserved 1056768K
  class space    used 451K, committed 512K, reserved 1048576K
}
Event: 0,502 GC heap before
{Heap before GC invocations=1 (full 0):
 garbage-first heap   total 524288K, used 29222K [0x000000060b400000, 0x0000000800000000)
  region size 4096K, 6 young (24576K), 1 survivors (4096K)
 Metaspace       used 7131K, committed 7296K, reserved 1056768K
  class space    used 838K, committed 960K, reserved 1048576K
}
Event: 0,503 GC heap after
{Heap after GC invocations=2 (full 0):
 garbage-first heap   total 524288K, used 10011K [0x000000060b400000, 0x0000000800000000)
  region size 4096K, 1 young (4096K), 1 survivors (4096K)
 Metaspace       used 7131K, committed 7296K, reserved 1056768K
  class space    used 838K, committed 960K, reserved 1048576K
}
Event: 0,800 GC heap before
{Heap before GC invocations=2 (full 0):
 garbage-first heap   total 524288K, used 67355K [0x000000060b400000, 0x0000000800000000)
  region size 4096K, 15 young (61440K), 1 survivors (4096K)
 Metaspace       used 11958K, committed 12160K, reserved 1064960K
  class space    used 1687K, committed 1792K, reserved 1048576K
}
Event: 0,801 GC heap after
{Heap after GC invocations=3 (full 0):
 garbage-first heap   total 524288K, used 10880K [0x000000060b400000, 0x0000000800000000)
  region size 4096K, 1 young (4096K), 1 survivors (4096K)
 Metaspace       used 11958K, committed 12160K, reserved 1064960K
  class space    used 1687K, committed 1792K, reserved 1048576K
}

